<?xml version="1.0" encoding="utf-8"?><testsuites name="pytest tests"><testsuite name="pytest" errors="0" failures="0" skipped="0" tests="15" time="24.026" timestamp="2026-06-29T21:49:54.847067+00:00" hostname="agent-env-41ec8129-2989-4000-9edf-34aeb940657c"><testcase classname="backend.tests.test_yourfm_djbreak.TestWeather" name="test_weather_auto_ip" time="0.324" /><testcase classname="backend.tests.test_yourfm_djbreak.TestWeather" name="test_weather_with_coords" time="0.074" /><testcase classname="backend.tests.test_yourfm_djbreak.TestBumperWithLocation" name="test_bumper_local_weather_topic" time="2.939" /><testcase classname="backend.tests.test_yourfm_djbreak.TestBumperWithLocation" name="test_bumper_concert_tours_topic" time="4.510" /><testcase classname="backend.tests.test_yourfm_djbreak.TestBumperWithLocation" name="test_bumper_combined_topics" time="5.062" /><testcase classname="backend.tests.test_yourfm_djbreak.TestBumperWithLocation" name="test_bumper_no_location_fallback" time="4.808" /><testcase classname="backend.tests.test_feedfm_radio.TestFeedFm" name="test_create_session" time="0.387" /><testcase classname="backend.tests.test_feedfm_radio.TestFeedFm" name="test_list_stations" time="0.464" /><testcase classname="backend.tests.test_feedfm_radio.TestFeedFm" name="test_play_track_and_events" time="0.806" /><testcase classname="backend.tests.test_feedfm_radio.TestFeedFm" name="test_invalid_action" time="0.320" /><testcase classname="backend.tests.test_feedfm_radio.TestVoices" name="test_list_voices" time="0.159" /><testcase classname="backend.tests.test_feedfm_radio.TestStationsCRUD" name="test_create_station_with_feedfm" time="0.500" /><testcase classname="backend.tests.test_feedfm_radio.TestStationsCRUD" name="test_get_stations_lists_created" time="0.041" /><testcase classname="backend.tests.test_feedfm_radio.TestStationsCRUD" name="test_delete_station" time="0.086" /><testcase classname="backend.tests.test_feedfm_radio.TestBumper" name="test_generate_bumper" time="3.481" /></testsuite></testsuites>