<?xml version="1.0" encoding="utf-8"?><testsuites name="pytest tests"><testsuite name="pytest" errors="0" failures="0" skipped="0" tests="18" time="111.602" timestamp="2026-06-30T03:30:37.057236+00:00" hostname="agent-env-41ec8129-2989-4000-9edf-34aeb940657c"><testcase classname="backend.tests.test_yourfm_voices.TestCurated8NewVoices" name="test_voices_endpoint_returns_exactly_8" time="0.229" /><testcase classname="backend.tests.test_yourfm_voices.TestCurated8NewVoices" name="test_voice_ids_match_new_voice_design_set" time="0.054" /><testcase classname="backend.tests.test_yourfm_voices.TestCurated8NewVoices" name="test_each_voice_has_name_description_vibe" time="0.060" /><testcase classname="backend.tests.test_yourfm_voices.TestCurated8NewVoices" name="test_no_old_stock_voice_names_present" time="0.049" /><testcase classname="backend.tests.test_yourfm_voices.TestCurated8NewVoices" name="test_all_4_vibe_groups_present" time="0.050" /><testcase classname="backend.tests.test_yourfm_voices.TestBumperGenerateV3" name="test_bumper_each_style_with_jaxon[energetic]" time="6.643" /><testcase classname="backend.tests.test_yourfm_voices.TestBumperGenerateV3" name="test_bumper_each_style_with_jaxon[smooth]" time="9.305" /><testcase classname="backend.tests.test_yourfm_voices.TestBumperGenerateV3" name="test_bumper_each_style_with_jaxon[announcer]" time="6.374" /><testcase classname="backend.tests.test_yourfm_voices.TestBumperGenerateV3" name="test_each_new_voice_can_generate_bumper[SFLy8KPQaTeMd5DxmOmd]" time="16.331" /><testcase classname="backend.tests.test_yourfm_voices.TestBumperGenerateV3" name="test_each_new_voice_can_generate_bumper[9c8VzCq2zlhwrVFJPt3U]" time="13.506" /><testcase classname="backend.tests.test_yourfm_voices.TestBumperGenerateV3" name="test_each_new_voice_can_generate_bumper[QRzSOQsyy2H3xOQE8rk5]" time="9.680" /><testcase classname="backend.tests.test_yourfm_voices.TestBumperGenerateV3" name="test_each_new_voice_can_generate_bumper[sVPIwFSChJOLXAqHYZTd]" time="10.996" /><testcase classname="backend.tests.test_yourfm_voices.TestBumperGenerateV3" name="test_each_new_voice_can_generate_bumper[Gvq68LFb6sMUY4Frjqzn]" time="6.698" /><testcase classname="backend.tests.test_yourfm_voices.TestBumperGenerateV3" name="test_each_new_voice_can_generate_bumper[oY2xTzmanHYCTs8SiucR]" time="9.628" /><testcase classname="backend.tests.test_yourfm_voices.TestBumperGenerateV3" name="test_each_new_voice_can_generate_bumper[kF2ieC6SVxxWPBvElzuh]" time="9.215" /><testcase classname="backend.tests.test_yourfm_voices.TestBumperGenerateV3" name="test_each_new_voice_can_generate_bumper[k6zqzLWJ0yII6gu0peMn]" time="12.600" /><testcase classname="backend.tests.test_yourfm_voices.TestStationPersistenceWithNewVoice" name="test_create_station_with_new_voice" time="0.061" /><testcase classname="backend.tests.test_yourfm_voices.TestStationPersistenceWithNewVoice" name="test_cleanup" time="0.058" /></testsuite></testsuites>