<?xml version="1.0" encoding="utf-8"?><testsuites name="pytest tests"><testsuite name="pytest" errors="0" failures="0" skipped="0" tests="9" time="19.799" timestamp="2026-06-30T03:14:13.088772+00:00" hostname="agent-env-41ec8129-2989-4000-9edf-34aeb940657c"><testcase classname="backend.tests.test_yourfm_voices.TestCuratedVoices" name="test_voices_endpoint_returns_12_curated" time="0.207" /><testcase classname="backend.tests.test_yourfm_voices.TestBumperGenerateVoiceStyles" name="test_bumper_generate_with_style[energetic]" time="5.091" /><testcase classname="backend.tests.test_yourfm_voices.TestBumperGenerateVoiceStyles" name="test_bumper_generate_with_style[smooth]" time="4.754" /><testcase classname="backend.tests.test_yourfm_voices.TestBumperGenerateVoiceStyles" name="test_bumper_generate_with_style[announcer]" time="5.264" /><testcase classname="backend.tests.test_yourfm_voices.TestBumperGenerateVoiceStyles" name="test_bumper_generate_default_style" time="4.183" /><testcase classname="backend.tests.test_yourfm_voices.TestStationVoiceStylePersistence" name="test_create_station_with_voice_style" time="0.056" /><testcase classname="backend.tests.test_yourfm_voices.TestStationVoiceStylePersistence" name="test_get_stations_includes_voice_style" time="0.044" /><testcase classname="backend.tests.test_yourfm_voices.TestStationVoiceStylePersistence" name="test_update_station_voice_style" time="0.089" /><testcase classname="backend.tests.test_yourfm_voices.TestStationVoiceStylePersistence" name="test_cleanup_delete_station" time="0.044" /></testsuite></testsuites>