<?xml version="1.0" encoding="utf-8"?><testsuites name="pytest tests"><testsuite name="pytest" errors="0" failures="1" skipped="0" tests="10" time="14.341" timestamp="2026-06-29T17:37:15.245128+00:00" hostname="agent-env-41ec8129-2989-4000-9edf-34aeb940657c"><testcase classname="backend.tests.test_spotify_bumpers.TestSpotifyToken" name="test_token_endpoint_returns_200_with_access_token" time="0.266" /><testcase classname="backend.tests.test_spotify_bumpers.TestSpotifyToken" name="test_token_is_valid_against_spotify_api" time="0.144" /><testcase classname="backend.tests.test_spotify_bumpers.TestSpotifyTracks" name="test_metalcore_station_returns_30plus_tracks_quickly" time="1.785" /><testcase classname="backend.tests.test_spotify_bumpers.TestSpotifyTracks" name="test_metalcore_station_blocks_classic_rock" time="2.010" /><testcase classname="backend.tests.test_spotify_bumpers.TestSpotifyTracks" name="test_metalcore_station_has_metal_flavoured_results" time="1.801" /><testcase classname="backend.tests.test_spotify_bumpers.TestSpotifyTracks" name="test_hiphop_station_excludes_metal" time="0.791" /><testcase classname="backend.tests.test_spotify_bumpers.TestSpotifyTracks" name="test_pop_station_excludes_metal" time="0.723" /><testcase classname="backend.tests.test_spotify_bumpers.TestSpotifyTracks" name="test_repeated_calls_no_429" time="5.353" /><testcase classname="backend.tests.test_spotify_bumpers.TestBumpers" name="test_voices_endpoint_returns_200" time="0.400" /><testcase classname="backend.tests.test_spotify_bumpers.TestBumpers" name="test_bumper_generate_references_tracks" time="0.924"><failure message="AssertionError: Got 500: {&quot;detail&quot;:&quot;Error generating bumper: Failed to generate chat completion: litellm.NotFoundError: NotFoundError: OpenAIException - litellm.NotFoundError: GeminiException - {\n  \&quot;error\&quot;: {\n    \&quot;code\&quot;: 404,\n    \&quot;message\&quot;: \&quot;This model models/gemini-2.0-flash is no longer available. Please update your code to use a newer model for the latest features and improvements.\&quot;,\n    \&quot;status\&quot;: \&quot;NOT_FOUND\&quot;\n  }\n}\n. Received Model Group=gemini/gemini-2.0-flash\nAvailable Model Group Fallbacks=None&quot;}&#10;assert 500 == 200&#10; +  where 500 = &lt;Response [500]&gt;.status_code">backend/tests/test_spotify_bumpers.py:187: in test_bumper_generate_references_tracks
    assert r.status_code == 200, f"Got {r.status_code}: {r.text}"
E   AssertionError: Got 500: {"detail":"Error generating bumper: Failed to generate chat completion: litellm.NotFoundError: NotFoundError: OpenAIException - litellm.NotFoundError: GeminiException - {\n  \"error\": {\n    \"code\": 404,\n    \"message\": \"This model models/gemini-2.0-flash is no longer available. Please update your code to use a newer model for the latest features and improvements.\",\n    \"status\": \"NOT_FOUND\"\n  }\n}\n. Received Model Group=gemini/gemini-2.0-flash\nAvailable Model Group Fallbacks=None"}
E   assert 500 == 200
E    +  where 500 = &lt;Response [500]&gt;.status_code</failure></testcase></testsuite></testsuites>