<?xml version="1.0" encoding="utf-8"?><testsuites name="pytest tests"><testsuite name="pytest" errors="0" failures="0" skipped="0" tests="9" time="7.077" timestamp="2026-06-29T21:34:46.741708+00:00" hostname="agent-env-41ec8129-2989-4000-9edf-34aeb940657c"><testcase classname="backend.tests.test_feedfm_radio.TestFeedFm" name="test_create_session" time="0.400" /><testcase classname="backend.tests.test_feedfm_radio.TestFeedFm" name="test_list_stations" time="0.468" /><testcase classname="backend.tests.test_feedfm_radio.TestFeedFm" name="test_play_track_and_events" time="0.751" /><testcase classname="backend.tests.test_feedfm_radio.TestFeedFm" name="test_invalid_action" time="0.272" /><testcase classname="backend.tests.test_feedfm_radio.TestVoices" name="test_list_voices" time="0.338" /><testcase classname="backend.tests.test_feedfm_radio.TestStationsCRUD" name="test_create_station_with_feedfm" time="0.504" /><testcase classname="backend.tests.test_feedfm_radio.TestStationsCRUD" name="test_get_stations_lists_created" time="0.040" /><testcase classname="backend.tests.test_feedfm_radio.TestStationsCRUD" name="test_delete_station" time="0.087" /><testcase classname="backend.tests.test_feedfm_radio.TestBumper" name="test_generate_bumper" time="4.159" /></testsuite></testsuites>